<?xml version="1.0" encoding="UTF-8"?>
<!-- Generated by org.testng.reporters.JUnitReportReporter -->
<testsuite ignored="0" hostname="nihal" failures="0" tests="2" name="RestAssured.Rest.Dynamicpayload" time="10.692" errors="0" timestamp="17 Nov 2021 17:42:26 GMT" skipped="0">
  <testcase classname="RestAssured.Rest.Dynamicpayload" name="addBook" time="7.412"/>
  <testcase classname="RestAssured.Rest.Dynamicpayload" name="addBook" time="3.280"/>
</testsuite> <!-- RestAssured.Rest.Dynamicpayload -->
